  textButton.cpp
D:\Documents\C++\SFML-Framework\sfml_framework Reworked\interactables\textButton.cpp(48,32): error C2653: 'textButton': is not a class or namespace name
D:\Documents\C++\SFML-Framework\sfml_framework Reworked\interactables\textButton.cpp(49,9): error C2065: 'padding': undeclared identifier
D:\Documents\C++\SFML-Framework\sfml_framework Reworked\interactables\textButton.cpp(51,9): error C3861: 'updateRectanglePosition': identifier not found
D:\Documents\C++\SFML-Framework\sfml_framework Reworked\interactables\textButton.cpp(54,32): error C2653: 'textButton': is not a class or namespace name
D:\Documents\C++\SFML-Framework\sfml_framework Reworked\interactables\textButton.cpp(55,9): error C2065: 'padding': undeclared identifier
D:\Documents\C++\SFML-Framework\sfml_framework Reworked\interactables\textButton.cpp(57,9): error C3861: 'updateRectanglePosition': identifier not found
D:\Documents\C++\SFML-Framework\sfml_framework Reworked\interactables\textButton.cpp(60,35): error C2653: 'textButton': is not a class or namespace name
D:\Documents\C++\SFML-Framework\sfml_framework Reworked\interactables\textButton.cpp(61,9): error C2065: 'padding': undeclared identifier
D:\Documents\C++\SFML-Framework\sfml_framework Reworked\interactables\textButton.cpp(63,9): error C3861: 'updateRectanglePosition': identifier not found
D:\Documents\C++\SFML-Framework\sfml_framework Reworked\interactables\textButton.cpp(66,38): error C2653: 'textButton': is not a class or namespace name
D:\Documents\C++\SFML-Framework\sfml_framework Reworked\interactables\textButton.cpp(67,9): error C2065: 'padding': undeclared identifier
D:\Documents\C++\SFML-Framework\sfml_framework Reworked\interactables\textButton.cpp(69,9): error C3861: 'updateRectanglePosition': identifier not found
D:\Documents\C++\SFML-Framework\sfml_framework Reworked\interactables\textButton.cpp(72,37): error C2653: 'textButton': is not a class or namespace name
D:\Documents\C++\SFML-Framework\sfml_framework Reworked\interactables\textButton.cpp(73,9): error C2065: 'padding': undeclared identifier
D:\Documents\C++\SFML-Framework\sfml_framework Reworked\interactables\textButton.cpp(75,9): error C3861: 'updateRectanglePosition': identifier not found
D:\Documents\C++\SFML-Framework\sfml_framework Reworked\interactables\textButton.cpp(78,36): error C2653: 'textButton': is not a class or namespace name
D:\Documents\C++\SFML-Framework\sfml_framework Reworked\interactables\textButton.cpp(79,9): error C2065: 'padding': undeclared identifier
D:\Documents\C++\SFML-Framework\sfml_framework Reworked\interactables\textButton.cpp(81,9): error C3861: 'updateRectanglePosition': identifier not found
D:\Documents\C++\SFML-Framework\sfml_framework Reworked\interactables\textButton.cpp(84,31): error C2653: 'textButton': is not a class or namespace name
D:\Documents\C++\SFML-Framework\sfml_framework Reworked\interactables\textButton.cpp(86,9): error C2065: 'textString': undeclared identifier
D:\Documents\C++\SFML-Framework\sfml_framework Reworked\interactables\textButton.cpp(87,9): error C2065: 'text': undeclared identifier
D:\Documents\C++\SFML-Framework\sfml_framework Reworked\interactables\textButton.cpp(87,24): error C2065: 'textString': undeclared identifier
D:\Documents\C++\SFML-Framework\sfml_framework Reworked\interactables\textButton.cpp(89,9): error C3861: 'updateRectanglePosition': identifier not found
D:\Documents\C++\SFML-Framework\sfml_framework Reworked\interactables\textButton.cpp(92,34): error C2653: 'textButton': is not a class or namespace name
D:\Documents\C++\SFML-Framework\sfml_framework Reworked\interactables\textButton.cpp(94,16): error C2065: 'text': undeclared identifier
D:\Documents\C++\SFML-Framework\sfml_framework Reworked\interactables\textButton.cpp(97,33): error C2653: 'textButton': is not a class or namespace name
D:\Documents\C++\SFML-Framework\sfml_framework Reworked\interactables\textButton.cpp(101,9): error C2065: 'text': undeclared identifier
D:\Documents\C++\SFML-Framework\sfml_framework Reworked\interactables\textButton.cpp(102,9): error C2065: 'buttonRect': undeclared identifier
D:\Documents\C++\SFML-Framework\sfml_framework Reworked\interactables\textButton.cpp(104,9): error C3861: 'updatePointsOfInterest': identifier not found
  imageButton.cpp
  interactable.cpp
  menu.cpp
D:\Documents\C++\SFML-Framework\sfml_framework Reworked\menu.cpp(44,64): error C2572: 'sff::menu::add': redefinition of default argument: parameter 1
D:\Documents\C++\SFML-Framework\sfml_framework Reworked\sfml_logic.hpp(40): message : see declaration of 'sff::menu::add'
  Generating Code...
